* using log directory 'C:/Users/raban/Documents/GitHub/cuvis.r/cuvis.r.Rcheck'
* using R version 4.5.2 (2025-10-31 ucrt)
* using platform: x86_64-w64-mingw32
* R was compiled by
    gcc.exe (GCC) 14.3.0
    GNU Fortran (GCC) 14.3.0
* running under: Windows 11 x64 (build 26200)
* using session charset: UTF-8
* using options '--no-manual --as-cran'
* checking for file 'cuvis.r/DESCRIPTION' ... OK
* this is package 'cuvis.r' version '0.1.0'
* package encoding: UTF-8
* checking CRAN incoming feasibility ... [12s] NOTE
Maintainer: 'Raban Heller <raban.heller@charite.de>'

New submission

Found the following (possibly) invalid URLs:
  URL: https://cubert-hyperspectral.com/en/cuvis-sdk/
    From: README.md
    Status: 403
    Message: Forbidden
  URL: https://github.com/r-heller/cuvis.r
    From: DESCRIPTION
          man/cuvis.r-package.Rd
    Status: 404
    Message: Not Found
  URL: https://github.com/r-heller/cuvis.r/actions/workflows/R-CMD-check.yaml
    From: README.md
    Status: 404
    Message: Not Found
  URL: https://github.com/r-heller/cuvis.r/issues
    From: DESCRIPTION
          man/cuvis.r-package.Rd
    Status: 404
    Message: Not Found
  URL: https://github.com/r-heller/hyperspectR
    From: inst/doc/cuvis-r-calibration.html
          README.md
    Status: 404
    Message: Not Found
  URL: https://r-heller.github.io/cuvis.r/
    From: DESCRIPTION
          man/cuvis.r-package.Rd
    Status: 404
    Message: Not Found
* checking package namespace information ... OK
* checking package dependencies ... OK
* checking if this is a source package ... OK
* checking if there is a namespace ... OK
* checking for executable files ... OK
* checking for hidden files and directories ... OK
* checking for portable file names ... OK
* checking whether package 'cuvis.r' can be installed ... [20s] OK
* used C compiler: 'gcc.exe (GCC) 14.3.0'
* checking installed package size ... OK
* checking package directory ... OK
* checking for future file timestamps ... OK
* checking 'build' directory ... OK
* checking DESCRIPTION meta-information ... OK
* checking top-level files ... OK
* checking for left-over files ... OK
* checking index information ... OK
* checking package subdirectories ... OK
* checking code files for non-ASCII characters ... OK
* checking R files for syntax errors ... OK
* checking whether the package can be loaded ... OK
* checking whether the package can be loaded with stated dependencies ... OK
* checking whether the package can be unloaded cleanly ... OK
* checking whether the namespace can be loaded with stated dependencies ... OK
* checking whether the namespace can be unloaded cleanly ... OK
* checking loading without being on the library search path ... OK
* checking whether startup messages can be suppressed ... OK
* checking use of S3 registration ... OK
* checking dependencies in R code ... OK
* checking S3 generic/method consistency ... OK
* checking replacement functions ... OK
* checking foreign function calls ... OK
* checking R code for possible problems ... OK
* checking Rd files ... OK
* checking Rd metadata ... OK
* checking Rd line widths ... OK
* checking Rd cross-references ... OK
* checking for missing documentation entries ... OK
* checking for code/documentation mismatches ... OK
* checking Rd \usage sections ... OK
* checking Rd contents ... OK
* checking for unstated dependencies in examples ... OK
* checking line endings in shell scripts ... OK
* checking line endings in C/C++/Fortran sources/headers ... OK
* checking line endings in Makefiles ... OK
* checking compilation flags in Makevars ... OK
* checking for GNU extensions in Makefiles ... OK
* checking for portable use of $(BLAS_LIBS) and $(LAPACK_LIBS) ... OK
* checking use of PKG_*FLAGS in Makefiles ... OK
* checking use of SHLIB_OPENMP_*FLAGS in Makefiles ... OK
* checking pragmas in C/C++ headers and code ... OK
* checking compilation flags used ... OK
* checking compiled code ... OK
* checking installed files from 'inst/doc' ... OK
* checking files in 'vignettes' ... OK
* checking examples ... OK
* checking for unstated dependencies in 'tests' ... OK
* checking tests ... OK
  Running 'testthat.R'
* checking for unstated dependencies in vignettes ... OK
* checking package vignettes ... OK
* checking re-building of vignette outputs ... OK
* checking for non-standard things in the check directory ... OK
* checking for detritus in the temp directory ... OK
* DONE
Status: 1 NOTE
